<?xml version="1.0" encoding="UTF-8"?>
<testsuite xmlns:xsi="http://www.w3.org/2001/XMLSchema-instance" xsi:noNamespaceSchemaLocation="https://maven.apache.org/surefire/maven-surefire-plugin/xsd/surefire-test-report-3.0.xsd" version="3.0" name="com.daming.ip2region.util.IpUtilsTest" time="0.135" tests="7" errors="0" skipped="0" failures="0">
  <properties>
[...]
</properties>
  <testcase name="removeLastPartAndAllPipes" classname="com.daming.ip2region.util.IpUtilsTest" time="0.003"/>
  <testcase name="getIp" classname="com.daming.ip2region.util.IpUtilsTest" time="0.0"/>
  <testcase name="getUserAgent" classname="com.daming.ip2region.util.IpUtilsTest" time="0.0"/>
  <testcase name="getHostIp" classname="com.daming.ip2region.util.IpUtilsTest" time="0.0"/>
  <testcase name="getCityInfo" classname="com.daming.ip2region.util.IpUtilsTest" time="0.0"/>
  <testcase name="getIp2region" classname="com.daming.ip2region.util.IpUtilsTest" time="0.099">
    <system-out><![CDATA[中国 江苏省
]]></system-out>
  </testcase>
  <testcase name="getHostName" classname="com.daming.ip2region.util.IpUtilsTest" time="0.0"/>
</testsuite>